[14:38:20] [bold green]Система инициализирована.[/] Аккаунты загружены.
[14:38:27] UI Heartbeat: Application is running
[14:38:29] UI Update Error: Login failed: 500 - <!doctype html>
<html lang="en">
	<head>
		<meta charset="utf-8" />
		<title>Internal Error</title>

		<style>
			body {
				--bg: white;
				--fg: #222;
				--divider: #ccc;
				background: var(--bg);
				color: var(--fg);
				font-family:
					system-ui,
					-apple-system,
					BlinkMacSystemFont,
					'Segoe UI',
					Roboto,
					Oxygen,
					Ubuntu,
					Cantarell,
					'Open Sans',
					'Helvetica Neue',
					sans-serif;
				display: flex;
				align-items: center;
				justify-content: center;
				height: 100vh;
				margin: 0;
			}

			.error {
				display: flex;
				align-items: center;
				max-width: 32rem;
				margin: 0 1rem;
			}

			.status {
				font-weight: 200;
				font-size: 3rem;
				line-height: 1;
				position: relative;
				top: -0.05rem;
			}

			.message {
				border-left: 1px solid var(--divider);
				padding: 0 0 0 1rem;
				margin: 0 0 0 1rem;
				min-height: 2.5rem;
				display: flex;
				align-items: center;
			}

			.message h1 {
				font-weight: 400;
				font-size: 1em;
				margin: 0;
			}

			@media (prefers-color-scheme: dark) {
				body {
					--bg: #222;
					--fg: #ddd;
					--divider: #666;
				}
			}
		</style>
	</head>
	<body>
		<div class="error">
			<span class="status">500</span>
			<div class="message">
				<h1>Internal Error</h1>
			</div>
		</div>
	<script>(function(){function c(){var b=a.contentDocument||a.contentWindow.document;if(b){var d=b.createElement('script');d.innerHTML="window.__CF$cv$params={r:'9e1da0d01a6f9034',t:'MTc3NDQzODY5NA=='};var a=document.createElement('script');a.src='/cdn-cgi/challenge-platform/scripts/jsd/main.js';document.getElementsByTagName('head')[0].appendChild(a);";b.getElementsByTagName('head')[0].appendChild(d)}}if(document.body){var a=document.createElement('iframe');a.height=1;a.width=1;a.style.position='absolute';a.style.top=0;a.style.left=0;a.style.border='none';a.style.visibility='hidden';document.body.appendChild(a);if('loading'!==document.readyState)c();else if(window.addEventListener)document.addEventListener('DOMContentLoaded',c);else{var e=document.onreadystatechange||function(){};document.onreadystatechange=function(b){e(b);'loading'!==document.readyState&&(document.onreadystatechange=e,c())}}}})();</script><script defer src="https://static.cloudflareinsights.com/beacon.min.js/v8c78df7c7c0f484497ecbca7046644da1771523124516" integrity="sha512-8DS7rgIrAmghBFwoOTujcf6D9rXvH8xm8JQ1Ja01h9QX8EzXldiszufYa4IFfKdLUKTTrnSFXLDkUEOTrZQ8Qg==" data-cf-beacon='{"version":"2024.11.0","token":"7e682213fd584c63af4b7d520deb4162","server_timing":{"name":{"cfCacheStatus":true,"cfEdge":true,"cfExtPri":true,"cfL4":true,"cfOrigin":true,"cfSpeedBrain":true},"location_startswith":null}}' crossorigin="anonymous"></script>
</body>
</html>

[14:38:29] Traceback (most recent call last):
  File "C:\Users\1\Desktop\Flow\src\ui\app.py", line 1146, in update_loop
    await asyncio.gather(*tasks)
  File "C:\Users\1\Desktop\Flow\src\core\bot_manager.py", line 118, in update_balances
    self.bal_a, self.bal_b = await asyncio.gather(
                             ^^^^^^^^^^^^^^^^^^^^^
  File "C:\Users\1\Desktop\Flow\src\exchanges\variational.py", line 178, in get_balance
    data = await self._request("GET", "/settlement_pools/details")
           ^^^^^^^^^^^^^^^^^^^^^^^^^^^^^^^^^^^^^^^^^^^^^^^^^^^^^^^
  File "C:\Users\1\Desktop\Flow\src\exchanges\variational.py", line 165, in _request
    success = await self.connect()
              ^^^^^^^^^^^^^^^^^^^^
  File "C:\Users\1\Desktop\Flow\src\exchanges\variational.py", line 141, in connect
    raise e
  File "C:\Users\1\Desktop\Flow\src\exchanges\variational.py", line 122, in connect
    raise Exception(f"Login failed: {resp2.status_code} - {resp2.text}")
Exception: Login failed: 500 - <!doctype html>
<html lang="en">
	<head>
		<meta charset="utf-8" />
		<title>Internal Error</title>

		<style>
			body {
				--bg: white;
				--fg: #222;
				--divider: #ccc;
				background: var(--bg);
				color: var(--fg);
				font-family:
					system-ui,
					-apple-system,
					BlinkMacSystemFont,
					'Segoe UI',
					Roboto,
					Oxygen,
					Ubuntu,
					Cantarell,
					'Open Sans',
					'Helvetica Neue',
					sans-serif;
				display: flex;
				align-items: center;
				justify-content: center;
				height: 100vh;
				margin: 0;
			}

			.error {
				display: flex;
				align-items: center;
				max-width: 32rem;
				margin: 0 1rem;
			}

			.status {
				font-weight: 200;
				font-size: 3rem;
				line-height: 1;
				position: relative;
				top: -0.05rem;
			}

			.message {
				border-left: 1px solid var(--divider);
				padding: 0 0 0 1rem;
				margin: 0 0 0 1rem;
				min-height: 2.5rem;
				display: flex;
				align-items: center;
			}

			.message h1 {
				font-weight: 400;
				font-size: 1em;
				margin: 0;
			}

			@media (prefers-color-scheme: dark) {
				body {
					--bg: #222;
					--fg: #ddd;
					--divider: #666;
				}
			}
		</style>
	</head>
	<body>
		<div class="error">
			<span class="status">500</span>
			<div class="message">
				<h1>Internal Error</h1>
			</div>
		</div>
	<script>(function(){function c(){var b=a.contentDocument||a.contentWindow.document;if(b){var d=b.createElement('script');d.innerHTML="window.__CF$cv$params={r:'9e1da0d01a6f9034',t:'MTc3NDQzODY5NA=='};var a=document.createElement('script');a.src='/cdn-cgi/challenge-platform/scripts/jsd/main.js';document.getElementsByTagName('head')[0].appendChild(a);";b.getElementsByTagName('head')[0].appendChild(d)}}if(document.body){var a=document.createElement('iframe');a.height=1;a.width=1;a.style.position='absolute';a.style.top=0;a.style.left=0;a.style.border='none';a.style.visibility='hidden';document.body.appendChild(a);if('loading'!==document.readyState)c();else if(window.addEventListener)document.addEventListener('DOMContentLoaded',c);else{var e=document.onreadystatechange||function(){};document.onreadystatechange=function(b){e(b);'loading'!==document.readyState&&(document.onreadystatechange=e,c())}}}})();</script><script defer src="https://static.cloudflareinsights.com/beacon.min.js/v8c78df7c7c0f484497ecbca7046644da1771523124516" integrity="sha512-8DS7rgIrAmghBFwoOTujcf6D9rXvH8xm8JQ1Ja01h9QX8EzXldiszufYa4IFfKdLUKTTrnSFXLDkUEOTrZQ8Qg==" data-cf-beacon='{"version":"2024.11.0","token":"7e682213fd584c63af4b7d520deb4162","server_timing":{"name":{"cfCacheStatus":true,"cfEdge":true,"cfExtPri":true,"cfL4":true,"cfOrigin":true,"cfSpeedBrain":true},"location_startswith":null}}' crossorigin="anonymous"></script>
</body>
</html>


